<?xml version="1.0" encoding="UTF-8"?>
<testng-results skipped="0" failed="0" ignored="0" total="1" passed="1">
  <reporter-output>
  </reporter-output>
  <suite name="Default suite" duration-ms="61" started-at="2021-09-20T09:52:42 IST" finished-at="2021-09-20T09:52:42 IST">
    <groups>
    </groups>
    <test name="Default test" duration-ms="61" started-at="2021-09-20T09:52:42 IST" finished-at="2021-09-20T09:52:42 IST">
      <class name="day6.CSVExample">
        <test-method status="PASS" signature="f()[pri:0, instance:day6.CSVExample@34cd072c]" name="f" duration-ms="16" started-at="2021-09-20T09:52:42 IST" finished-at="2021-09-20T09:52:42 IST">
          <reporter-output>
          </reporter-output>
        </test-method> <!-- f -->
      </class> <!-- day6.CSVExample -->
    </test> <!-- Default test -->
  </suite> <!-- Default suite -->
</testng-results>
